{"/Users/elvis/Documents/workspace/web/trustcrow/src/app.ts": {"path":"/Users/elvis/Documents/workspace/web/trustcrow/src/app.ts","statementMap":{"0":{"start":{"line":1,"column":0},"end":{"line":1,"column":30}},"1":{"start":{"line":2,"column":0},"end":{"line":2,"column":47}},"2":{"start":{"line":3,"column":0},"end":{"line":3,"column":23}},"3":{"start":{"line":4,"column":0},"end":{"line":4,"column":78}},"4":{"start":{"line":5,"column":0},"end":{"line":5,"column":41}},"5":{"start":{"line":6,"column":0},"end":{"line":6,"column":34}},"6":{"start":{"line":8,"column":25},"end":{"line":8,"column":34}},"7":{"start":{"line":10,"column":0},"end":{"line":10,"column":24}},"8":{"start":{"line":11,"column":0},"end":{"line":11,"column":48}},"9":{"start":{"line":12,"column":0},"end":{"line":12,"column":28}},"10":{"start":{"line":14,"column":0},"end":{"line":14,"column":null}},"11":{"start":{"line":15,"column":16},"end":{"line":15,"column":21}},"12":{"start":{"line":16,"column":0},"end":{"line":16,"column":null}},"13":{"start":{"line":17,"column":0},"end":{"line":17,"column":25}},"14":{"start":{"line":19,"column":0},"end":{"line":21,"column":null}},"15":{"start":{"line":20,"column":4},"end":{"line":20,"column":60}},"16":{"start":{"line":23,"column":0},"end":{"line":23,"column":19}}},"fnMap":{"0":{"name":"(anonymous_1)","decl":{"start":{"line":19,"column":13},"end":{"line":19,"column":14}},"loc":{"start":{"line":19,"column":26},"end":{"line":21,"column":1}}}},"branchMap":{},"s":{"0":1,"1":1,"2":1,"3":1,"4":1,"5":1,"6":1,"7":1,"8":1,"9":1,"10":1,"11":1,"12":1,"13":1,"14":1,"15":0,"16":1},"f":{"0":0},"b":{}}
,"/Users/elvis/Documents/workspace/web/trustcrow/src/routes.ts": {"path":"/Users/elvis/Documents/workspace/web/trustcrow/src/routes.ts","statementMap":{"0":{"start":{"line":1,"column":0},"end":{"line":1,"column":7}},"1":{"start":{"line":4,"column":4},"end":{"line":1,"column":67}}},"fnMap":{},"branchMap":{},"s":{"0":1,"1":1},"f":{},"b":{}}
,"/Users/elvis/Documents/workspace/web/trustcrow/src/config/index.ts": {"path":"/Users/elvis/Documents/workspace/web/trustcrow/src/config/index.ts","statementMap":{"0":{"start":{"line":1,"column":0},"end":{"line":1,"column":35}},"1":{"start":{"line":4,"column":28},"end":{"line":4,"column":69}},"2":{"start":{"line":6,"column":27},"end":{"line":6,"column":52}},"3":{"start":{"line":8,"column":13},"end":{"line":16,"column":2}}},"fnMap":{},"branchMap":{},"s":{"0":1,"1":1,"2":1,"3":1},"f":{},"b":{}}
,"/Users/elvis/Documents/workspace/web/trustcrow/src/config/setup.ts": {"path":"/Users/elvis/Documents/workspace/web/trustcrow/src/config/setup.ts","statementMap":{"0":{"start":{"line":1,"column":0},"end":{"line":1,"column":71}},"1":{"start":{"line":2,"column":0},"end":{"line":2,"column":57}},"2":{"start":{"line":5,"column":36},"end":{"line":8,"column":null}},"3":{"start":{"line":10,"column":0},"end":{"line":10,"column":null}}},"fnMap":{},"branchMap":{},"s":{"0":1,"1":1,"2":1,"3":1},"f":{},"b":{}}
,"/Users/elvis/Documents/workspace/web/trustcrow/src/config/config.environments/development.config.ts": {"path":"/Users/elvis/Documents/workspace/web/trustcrow/src/config/config.environments/development.config.ts","statementMap":{"0":{"start":{"line":1,"column":13},"end":{"line":1,"column":33}},"1":{"start":{"line":2,"column":13},"end":{"line":2,"column":68}},"2":{"start":{"line":3,"column":13},"end":{"line":3,"column":63}},"3":{"start":{"line":4,"column":13},"end":{"line":4,"column":71}},"4":{"start":{"line":5,"column":13},"end":{"line":5,"column":63}},"5":{"start":{"line":6,"column":13},"end":{"line":6,"column":null}},"6":{"start":{"line":7,"column":13},"end":{"line":7,"column":63}}},"fnMap":{},"branchMap":{},"s":{"0":1,"1":1,"2":1,"3":1,"4":1,"5":1,"6":1},"f":{},"b":{}}
,"/Users/elvis/Documents/workspace/web/trustcrow/src/config/config.environments/test.config.ts": {"path":"/Users/elvis/Documents/workspace/web/trustcrow/src/config/config.environments/test.config.ts","statementMap":{"0":{"start":{"line":1,"column":13},"end":{"line":1,"column":33}},"1":{"start":{"line":2,"column":13},"end":{"line":2,"column":68}},"2":{"start":{"line":3,"column":13},"end":{"line":3,"column":68}},"3":{"start":{"line":4,"column":13},"end":{"line":4,"column":76}},"4":{"start":{"line":5,"column":13},"end":{"line":5,"column":68}},"5":{"start":{"line":6,"column":13},"end":{"line":6,"column":null}},"6":{"start":{"line":7,"column":13},"end":{"line":7,"column":68}}},"fnMap":{},"branchMap":{},"s":{"0":1,"1":1,"2":1,"3":1,"4":1,"5":1,"6":1},"f":{},"b":{}}
,"/Users/elvis/Documents/workspace/web/trustcrow/src/config/db/index.ts": {"path":"/Users/elvis/Documents/workspace/web/trustcrow/src/config/db/index.ts","statementMap":{"0":{"start":{"line":1,"column":0},"end":{"line":1,"column":34}},"1":{"start":{"line":2,"column":0},"end":{"line":2,"column":40}},"2":{"start":{"line":3,"column":0},"end":{"line":3,"column":31}},"3":{"start":{"line":4,"column":0},"end":{"line":4,"column":40}},"4":{"start":{"line":6,"column":0},"end":{"line":6,"column":75}},"5":{"start":{"line":16,"column":8},"end":{"line":18,"column":9}},"6":{"start":{"line":16,"column":67},"end":{"line":16,"column":80}},"7":{"start":{"line":17,"column":12},"end":{"line":17,"column":84}},"8":{"start":{"line":19,"column":8},"end":{"line":19,"column":25}},"9":{"start":{"line":20,"column":8},"end":{"line":20,"column":25}},"10":{"start":{"line":21,"column":8},"end":{"line":21,"column":33}},"11":{"start":{"line":22,"column":8},"end":{"line":22,"column":25}},"12":{"start":{"line":23,"column":8},"end":{"line":23,"column":33}},"13":{"start":{"line":24,"column":8},"end":{"line":24,"column":23}},"14":{"start":{"line":28,"column":19},"end":{"line":28,"column":66}},"15":{"start":{"line":29,"column":28},"end":{"line":35,"column":null}},"16":{"start":{"line":36,"column":23},"end":{"line":36,"column":38}},"17":{"start":{"line":38,"column":8},"end":{"line":40,"column":null}},"18":{"start":{"line":39,"column":12},"end":{"line":39,"column":78}},"19":{"start":{"line":40,"column":24},"end":{"line":40,"column":103}},"20":{"start":{"line":41,"column":8},"end":{"line":41,"column":22}},"21":{"start":{"line":45,"column":17},"end":{"line":45,"column":150}},"22":{"start":{"line":46,"column":11},"end":{"line":46,"column":29}},"23":{"start":{"line":47,"column":0},"end":{"line":47,"column":null}}},"fnMap":{"0":{"name":"(anonymous_7)","decl":{"start":{"line":15,"column":4},"end":{"line":15,"column":16}},"loc":{"start":{"line":15,"column":72},"end":{"line":25,"column":5}}},"1":{"name":"(anonymous_8)","decl":{"start":{"line":16,"column":58},"end":{"line":16,"column":63}},"loc":{"start":{"line":16,"column":67},"end":{"line":16,"column":80}}},"2":{"name":"(anonymous_9)","decl":{"start":{"line":27,"column":11},"end":{"line":27,"column":18}},"loc":{"start":{"line":27,"column":18},"end":{"line":42,"column":5}}},"3":{"name":"(anonymous_10)","decl":{"start":{"line":38,"column":30},"end":{"line":38,"column":38}},"loc":{"start":{"line":38,"column":41},"end":{"line":40,"column":9}}},"4":{"name":"(anonymous_11)","decl":{"start":{"line":40,"column":17},"end":{"line":40,"column":20}},"loc":{"start":{"line":40,"column":24},"end":{"line":40,"column":103}}}},"branchMap":{"0":{"loc":{"start":{"line":16,"column":8},"end":{"line":18,"column":9}},"type":"if","locations":[{"start":{"line":16,"column":8},"end":{"line":18,"column":9}}]},"1":{"loc":{"start":{"line":40,"column":24},"end":{"line":40,"column":103}},"type":"cond-expr","locations":[{"start":{"line":40,"column":68},"end":{"line":40,"column":85}},{"start":{"line":40,"column":87},"end":{"line":40,"column":103}}]}},"s":{"0":1,"1":1,"2":1,"3":1,"4":1,"5":1,"6":5,"7":0,"8":1,"9":1,"10":1,"11":1,"12":1,"13":1,"14":1,"15":1,"16":1,"17":1,"18":1,"19":0,"20":1,"21":1,"22":1,"23":1},"f":{"0":1,"1":5,"2":1,"3":1,"4":0},"b":{"0":[0],"1":[0,0]}}
,"/Users/elvis/Documents/workspace/web/trustcrow/src/modules/categories/controller.categories.ts": {"path":"/Users/elvis/Documents/workspace/web/trustcrow/src/modules/categories/controller.categories.ts","statementMap":{"0":{"start":{"line":3,"column":0},"end":{"line":3,"column":55}},"1":{"start":{"line":4,"column":0},"end":{"line":4,"column":48}},"2":{"start":{"line":6,"column":30},"end":{"line":10,"column":null}},"3":{"start":{"line":6,"column":66},"end":{"line":10,"column":null}},"4":{"start":{"line":7,"column":31},"end":{"line":7,"column":39}},"5":{"start":{"line":8,"column":17},"end":{"line":8,"column":69}},"6":{"start":{"line":9,"column":4},"end":{"line":9,"column":null}},"7":{"start":{"line":6,"column":13},"end":{"line":6,"column":30}},"8":{"start":{"line":12,"column":30},"end":{"line":16,"column":null}},"9":{"start":{"line":12,"column":66},"end":{"line":16,"column":null}},"10":{"start":{"line":13,"column":19},"end":{"line":13,"column":28}},"11":{"start":{"line":14,"column":4},"end":{"line":14,"column":null}},"12":{"start":{"line":15,"column":4},"end":{"line":15,"column":null}},"13":{"start":{"line":12,"column":13},"end":{"line":12,"column":30}},"14":{"start":{"line":18,"column":36},"end":{"line":22,"column":null}},"15":{"start":{"line":18,"column":72},"end":{"line":22,"column":null}},"16":{"start":{"line":19,"column":37},"end":{"line":19,"column":45}},"17":{"start":{"line":20,"column":17},"end":{"line":20,"column":97}},"18":{"start":{"line":21,"column":4},"end":{"line":21,"column":null}},"19":{"start":{"line":18,"column":13},"end":{"line":18,"column":36}},"20":{"start":{"line":24,"column":32},"end":{"line":28,"column":null}},"21":{"start":{"line":24,"column":69},"end":{"line":28,"column":null}},"22":{"start":{"line":25,"column":19},"end":{"line":25,"column":28}},"23":{"start":{"line":26,"column":17},"end":{"line":26,"column":67}},"24":{"start":{"line":27,"column":4},"end":{"line":27,"column":null}},"25":{"start":{"line":24,"column":13},"end":{"line":24,"column":32}}},"fnMap":{"0":{"name":"(anonymous_13)","decl":{"start":{"line":6,"column":30},"end":{"line":6,"column":37}},"loc":{"start":{"line":6,"column":66},"end":{"line":10,"column":null}}},"1":{"name":"(anonymous_14)","decl":{"start":{"line":6,"column":66},"end":{"line":6,"column":null}},"loc":{"start":{"line":6,"column":66},"end":{"line":10,"column":1}}},"2":{"name":"(anonymous_15)","decl":{"start":{"line":12,"column":30},"end":{"line":12,"column":37}},"loc":{"start":{"line":12,"column":66},"end":{"line":16,"column":null}}},"3":{"name":"(anonymous_16)","decl":{"start":{"line":12,"column":66},"end":{"line":12,"column":null}},"loc":{"start":{"line":12,"column":66},"end":{"line":16,"column":1}}},"4":{"name":"(anonymous_17)","decl":{"start":{"line":18,"column":36},"end":{"line":18,"column":43}},"loc":{"start":{"line":18,"column":72},"end":{"line":22,"column":null}}},"5":{"name":"(anonymous_18)","decl":{"start":{"line":18,"column":72},"end":{"line":18,"column":null}},"loc":{"start":{"line":18,"column":72},"end":{"line":22,"column":1}}},"6":{"name":"(anonymous_19)","decl":{"start":{"line":24,"column":32},"end":{"line":24,"column":38}},"loc":{"start":{"line":24,"column":69},"end":{"line":28,"column":null}}},"7":{"name":"(anonymous_20)","decl":{"start":{"line":24,"column":69},"end":{"line":24,"column":null}},"loc":{"start":{"line":24,"column":69},"end":{"line":28,"column":1}}}},"branchMap":{},"s":{"0":1,"1":1,"2":1,"3":3,"4":3,"5":3,"6":3,"7":1,"8":1,"9":1,"10":1,"11":1,"12":1,"13":1,"14":1,"15":1,"16":1,"17":1,"18":1,"19":1,"20":1,"21":1,"22":1,"23":1,"24":1,"25":1},"f":{"0":3,"1":3,"2":1,"3":1,"4":1,"5":1,"6":1,"7":1},"b":{}}
,"/Users/elvis/Documents/workspace/web/trustcrow/src/modules/categories/middleware.categories.ts": {"path":"/Users/elvis/Documents/workspace/web/trustcrow/src/modules/categories/middleware.categories.ts","statementMap":{"0":{"start":{"line":2,"column":0},"end":{"line":2,"column":57}},"1":{"start":{"line":3,"column":0},"end":{"line":3,"column":53}},"2":{"start":{"line":4,"column":0},"end":{"line":4,"column":48}},"3":{"start":{"line":5,"column":0},"end":{"line":5,"column":39}},"4":{"start":{"line":7,"column":35},"end":{"line":19,"column":null}},"5":{"start":{"line":7,"column":90},"end":{"line":19,"column":null}},"6":{"start":{"line":8,"column":4},"end":{"line":18,"column":5}},"7":{"start":{"line":9,"column":25},"end":{"line":9,"column":33}},"8":{"start":{"line":10,"column":21},"end":{"line":10,"column":34}},"9":{"start":{"line":11,"column":25},"end":{"line":11,"column":72}},"10":{"start":{"line":12,"column":8},"end":{"line":12,"column":null}},"11":{"start":{"line":12,"column":21},"end":{"line":12,"column":null}},"12":{"start":{"line":13,"column":8},"end":{"line":13,"column":null}},"13":{"start":{"line":15,"column":8},"end":{"line":15,"column":null}},"14":{"start":{"line":16,"column":8},"end":{"line":16,"column":null}},"15":{"start":{"line":17,"column":8},"end":{"line":17,"column":null}},"16":{"start":{"line":7,"column":13},"end":{"line":7,"column":35}},"17":{"start":{"line":21,"column":40},"end":{"line":34,"column":null}},"18":{"start":{"line":21,"column":95},"end":{"line":34,"column":null}},"19":{"start":{"line":22,"column":4},"end":{"line":33,"column":5}},"20":{"start":{"line":23,"column":29},"end":{"line":23,"column":37}},"21":{"start":{"line":24,"column":8},"end":{"line":24,"column":null}},"22":{"start":{"line":25,"column":8},"end":{"line":28,"column":9}},"23":{"start":{"line":26,"column":29},"end":{"line":26,"column":78}},"24":{"start":{"line":27,"column":12},"end":{"line":27,"column":null}},"25":{"start":{"line":27,"column":26},"end":{"line":27,"column":null}},"26":{"start":{"line":29,"column":8},"end":{"line":29,"column":null}},"27":{"start":{"line":31,"column":8},"end":{"line":31,"column":null}},"28":{"start":{"line":32,"column":8},"end":{"line":32,"column":null}},"29":{"start":{"line":21,"column":13},"end":{"line":21,"column":40}},"30":{"start":{"line":36,"column":34},"end":{"line":49,"column":null}},"31":{"start":{"line":36,"column":89},"end":{"line":49,"column":null}},"32":{"start":{"line":37,"column":4},"end":{"line":48,"column":5}},"33":{"start":{"line":38,"column":27},"end":{"line":38,"column":62}},"34":{"start":{"line":39,"column":8},"end":{"line":39,"column":null}},"35":{"start":{"line":40,"column":25},"end":{"line":40,"column":84}},"36":{"start":{"line":41,"column":8},"end":{"line":41,"column":null}},"37":{"start":{"line":42,"column":8},"end":{"line":42,"column":null}},"38":{"start":{"line":42,"column":22},"end":{"line":42,"column":null}},"39":{"start":{"line":43,"column":8},"end":{"line":43,"column":null}},"40":{"start":{"line":44,"column":8},"end":{"line":44,"column":null}},"41":{"start":{"line":46,"column":8},"end":{"line":46,"column":null}},"42":{"start":{"line":47,"column":8},"end":{"line":47,"column":null}},"43":{"start":{"line":36,"column":13},"end":{"line":36,"column":34}}},"fnMap":{"0":{"name":"(anonymous_14)","decl":{"start":{"line":7,"column":35},"end":{"line":7,"column":42}},"loc":{"start":{"line":7,"column":90},"end":{"line":19,"column":null}}},"1":{"name":"(anonymous_15)","decl":{"start":{"line":7,"column":90},"end":{"line":7,"column":null}},"loc":{"start":{"line":7,"column":90},"end":{"line":19,"column":1}}},"2":{"name":"(anonymous_16)","decl":{"start":{"line":21,"column":40},"end":{"line":21,"column":47}},"loc":{"start":{"line":21,"column":95},"end":{"line":34,"column":null}}},"3":{"name":"(anonymous_17)","decl":{"start":{"line":21,"column":95},"end":{"line":21,"column":null}},"loc":{"start":{"line":21,"column":95},"end":{"line":34,"column":1}}},"4":{"name":"(anonymous_18)","decl":{"start":{"line":36,"column":34},"end":{"line":36,"column":41}},"loc":{"start":{"line":36,"column":89},"end":{"line":49,"column":null}}},"5":{"name":"(anonymous_19)","decl":{"start":{"line":36,"column":89},"end":{"line":36,"column":null}},"loc":{"start":{"line":36,"column":89},"end":{"line":49,"column":1}}}},"branchMap":{"0":{"loc":{"start":{"line":12,"column":8},"end":{"line":12,"column":null}},"type":"if","locations":[{"start":{"line":12,"column":8},"end":{"line":12,"column":null}}]},"1":{"loc":{"start":{"line":25,"column":8},"end":{"line":28,"column":9}},"type":"if","locations":[{"start":{"line":25,"column":8},"end":{"line":28,"column":9}}]},"2":{"loc":{"start":{"line":27,"column":12},"end":{"line":27,"column":null}},"type":"if","locations":[{"start":{"line":27,"column":12},"end":{"line":27,"column":null}}]},"3":{"loc":{"start":{"line":38,"column":27},"end":{"line":38,"column":62}},"type":"binary-expr","locations":[{"start":{"line":38,"column":27},"end":{"line":38,"column":39}},{"start":{"line":38,"column":43},"end":{"line":38,"column":62}}]},"4":{"loc":{"start":{"line":42,"column":8},"end":{"line":42,"column":null}},"type":"if","locations":[{"start":{"line":42,"column":8},"end":{"line":42,"column":null}}]}},"s":{"0":1,"1":1,"2":1,"3":1,"4":1,"5":5,"6":5,"7":5,"8":5,"9":5,"10":5,"11":1,"12":4,"13":0,"14":0,"15":0,"16":1,"17":1,"18":5,"19":5,"20":5,"21":5,"22":5,"23":3,"24":3,"25":1,"26":4,"27":0,"28":0,"29":1,"30":1,"31":5,"32":5,"33":5,"34":5,"35":5,"36":5,"37":5,"38":2,"39":3,"40":3,"41":0,"42":0,"43":1},"f":{"0":5,"1":5,"2":5,"3":5,"4":5,"5":5},"b":{"0":[1],"1":[3],"2":[1],"3":[5,1],"4":[2]}}
,"/Users/elvis/Documents/workspace/web/trustcrow/src/modules/categories/queries.categories.ts": {"path":"/Users/elvis/Documents/workspace/web/trustcrow/src/modules/categories/queries.categories.ts","statementMap":{"0":{"start":{"line":2,"column":13},"end":{"line":2,"column":null}},"1":{"start":{"line":4,"column":13},"end":{"line":4,"column":null}},"2":{"start":{"line":6,"column":13},"end":{"line":6,"column":null}},"3":{"start":{"line":8,"column":13},"end":{"line":8,"column":null}},"4":{"start":{"line":10,"column":13},"end":{"line":10,"column":null}},"5":{"start":{"line":12,"column":13},"end":{"line":12,"column":null}}},"fnMap":{},"branchMap":{},"s":{"0":1,"1":1,"2":1,"3":1,"4":1,"5":1},"f":{},"b":{}}
,"/Users/elvis/Documents/workspace/web/trustcrow/src/modules/categories/router.categories.ts": {"path":"/Users/elvis/Documents/workspace/web/trustcrow/src/modules/categories/router.categories.ts","statementMap":{"0":{"start":{"line":1,"column":0},"end":{"line":1,"column":30}},"1":{"start":{"line":2,"column":0},"end":{"line":2,"column":62}},"2":{"start":{"line":3,"column":0},"end":{"line":3,"column":62}},"3":{"start":{"line":4,"column":0},"end":{"line":4,"column":61}},"4":{"start":{"line":5,"column":0},"end":{"line":5,"column":50}},"5":{"start":{"line":7,"column":15},"end":{"line":7,"column":31}},"6":{"start":{"line":8,"column":0},"end":{"line":8,"column":22}},"7":{"start":{"line":10,"column":0},"end":{"line":16,"column":2}},"8":{"start":{"line":18,"column":0},"end":{"line":22,"column":2}},"9":{"start":{"line":24,"column":0},"end":{"line":29,"column":null}},"10":{"start":{"line":31,"column":0},"end":{"line":35,"column":null}}},"fnMap":{},"branchMap":{},"s":{"0":1,"1":1,"2":1,"3":1,"4":1,"5":1,"6":1,"7":1,"8":1,"9":1,"10":1},"f":{},"b":{}}
,"/Users/elvis/Documents/workspace/web/trustcrow/src/modules/categories/service.categories.ts": {"path":"/Users/elvis/Documents/workspace/web/trustcrow/src/modules/categories/service.categories.ts","statementMap":{"0":{"start":{"line":1,"column":0},"end":{"line":1,"column":32}},"1":{"start":{"line":2,"column":0},"end":{"line":2,"column":55}},"2":{"start":{"line":3,"column":0},"end":{"line":3,"column":54}},"3":{"start":{"line":5,"column":30},"end":{"line":8,"column":null}},"4":{"start":{"line":5,"column":71},"end":{"line":8,"column":null}},"5":{"start":{"line":6,"column":17},"end":{"line":6,"column":38}},"6":{"start":{"line":7,"column":4},"end":{"line":7,"column":null}},"7":{"start":{"line":5,"column":13},"end":{"line":5,"column":30}},"8":{"start":{"line":10,"column":33},"end":{"line":12,"column":null}},"9":{"start":{"line":10,"column":55},"end":{"line":12,"column":null}},"10":{"start":{"line":11,"column":4},"end":{"line":11,"column":null}},"11":{"start":{"line":10,"column":13},"end":{"line":10,"column":33}},"12":{"start":{"line":14,"column":31},"end":{"line":16,"column":null}},"13":{"start":{"line":14,"column":51},"end":{"line":16,"column":null}},"14":{"start":{"line":15,"column":4},"end":{"line":15,"column":null}},"15":{"start":{"line":14,"column":13},"end":{"line":14,"column":31}},"16":{"start":{"line":18,"column":30},"end":{"line":20,"column":null}},"17":{"start":{"line":18,"column":50},"end":{"line":20,"column":null}},"18":{"start":{"line":19,"column":4},"end":{"line":19,"column":null}},"19":{"start":{"line":18,"column":13},"end":{"line":18,"column":30}},"20":{"start":{"line":22,"column":36},"end":{"line":24,"column":null}},"21":{"start":{"line":22,"column":75},"end":{"line":24,"column":null}},"22":{"start":{"line":23,"column":4},"end":{"line":23,"column":null}},"23":{"start":{"line":22,"column":13},"end":{"line":22,"column":36}},"24":{"start":{"line":26,"column":32},"end":{"line":28,"column":null}},"25":{"start":{"line":26,"column":52},"end":{"line":28,"column":null}},"26":{"start":{"line":27,"column":4},"end":{"line":27,"column":null}},"27":{"start":{"line":26,"column":13},"end":{"line":26,"column":32}}},"fnMap":{"0":{"name":"(anonymous_14)","decl":{"start":{"line":5,"column":30},"end":{"line":5,"column":36}},"loc":{"start":{"line":5,"column":71},"end":{"line":8,"column":null}}},"1":{"name":"(anonymous_15)","decl":{"start":{"line":5,"column":71},"end":{"line":5,"column":null}},"loc":{"start":{"line":5,"column":71},"end":{"line":8,"column":1}}},"2":{"name":"(anonymous_16)","decl":{"start":{"line":10,"column":33},"end":{"line":10,"column":39}},"loc":{"start":{"line":10,"column":55},"end":{"line":12,"column":null}}},"3":{"name":"(anonymous_17)","decl":{"start":{"line":10,"column":55},"end":{"line":10,"column":null}},"loc":{"start":{"line":10,"column":55},"end":{"line":12,"column":1}}},"4":{"name":"(anonymous_18)","decl":{"start":{"line":14,"column":31},"end":{"line":14,"column":37}},"loc":{"start":{"line":14,"column":51},"end":{"line":16,"column":null}}},"5":{"name":"(anonymous_19)","decl":{"start":{"line":14,"column":51},"end":{"line":14,"column":null}},"loc":{"start":{"line":14,"column":51},"end":{"line":16,"column":1}}},"6":{"name":"(anonymous_20)","decl":{"start":{"line":18,"column":30},"end":{"line":18,"column":36}},"loc":{"start":{"line":18,"column":50},"end":{"line":20,"column":null}}},"7":{"name":"(anonymous_21)","decl":{"start":{"line":18,"column":50},"end":{"line":18,"column":null}},"loc":{"start":{"line":18,"column":50},"end":{"line":20,"column":1}}},"8":{"name":"(anonymous_22)","decl":{"start":{"line":22,"column":36},"end":{"line":22,"column":42}},"loc":{"start":{"line":22,"column":75},"end":{"line":24,"column":null}}},"9":{"name":"(anonymous_23)","decl":{"start":{"line":22,"column":75},"end":{"line":22,"column":null}},"loc":{"start":{"line":22,"column":75},"end":{"line":24,"column":1}}},"10":{"name":"(anonymous_24)","decl":{"start":{"line":26,"column":32},"end":{"line":26,"column":38}},"loc":{"start":{"line":26,"column":52},"end":{"line":28,"column":null}}},"11":{"name":"(anonymous_25)","decl":{"start":{"line":26,"column":52},"end":{"line":26,"column":null}},"loc":{"start":{"line":26,"column":52},"end":{"line":28,"column":1}}}},"branchMap":{},"s":{"0":1,"1":1,"2":1,"3":1,"4":3,"5":3,"6":3,"7":1,"8":1,"9":5,"10":5,"11":1,"12":1,"13":8,"14":8,"15":1,"16":1,"17":1,"18":1,"19":1,"20":1,"21":1,"22":1,"23":1,"24":1,"25":1,"26":1,"27":1},"f":{"0":3,"1":3,"2":5,"3":5,"4":8,"5":8,"6":1,"7":1,"8":1,"9":1,"10":1,"11":1},"b":{}}
,"/Users/elvis/Documents/workspace/web/trustcrow/src/modules/categories/validation.categories.ts": {"path":"/Users/elvis/Documents/workspace/web/trustcrow/src/modules/categories/validation.categories.ts","statementMap":{"0":{"start":{"line":1,"column":0},"end":{"line":1,"column":22}},"1":{"start":{"line":3,"column":13},"end":{"line":6,"column":3}},"2":{"start":{"line":8,"column":13},"end":{"line":10,"column":null}},"3":{"start":{"line":12,"column":13},"end":{"line":15,"column":null}}},"fnMap":{},"branchMap":{},"s":{"0":1,"1":1,"2":1,"3":1},"f":{},"b":{}}
,"/Users/elvis/Documents/workspace/web/trustcrow/src/utils/logger.ts": {"path":"/Users/elvis/Documents/workspace/web/trustcrow/src/utils/logger.ts","statementMap":{"0":{"start":{"line":1,"column":0},"end":{"line":1,"column":59}},"1":{"start":{"line":2,"column":0},"end":{"line":2,"column":38}},"2":{"start":{"line":4,"column":63},"end":{"line":4,"column":69}},"3":{"start":{"line":6,"column":20},"end":{"line":6,"column":38}},"4":{"start":{"line":7,"column":15},"end":{"line":48,"column":1}},"5":{"start":{"line":8,"column":22},"end":{"line":10,"column":4}},"6":{"start":{"line":9,"column":4},"end":{"line":9,"column":57}},"7":{"start":{"line":12,"column":19},"end":{"line":14,"column":4}},"8":{"start":{"line":13,"column":4},"end":{"line":13,"column":48}},"9":{"start":{"line":16,"column":2},"end":{"line":47,"column":3}},"10":{"start":{"line":17,"column":4},"end":{"line":33,"column":7}},"11":{"start":{"line":35,"column":4},"end":{"line":46,"column":7}},"12":{"start":{"line":50,"column":0},"end":{"line":50,"column":24}}},"fnMap":{"0":{"name":"(anonymous_0)","decl":{"start":{"line":7,"column":15},"end":{"line":7,"column":18}},"loc":{"start":{"line":7,"column":20},"end":{"line":48,"column":1}}},"1":{"name":"(anonymous_1)","decl":{"start":{"line":8,"column":29},"end":{"line":8,"column":30}},"loc":{"start":{"line":8,"column":70},"end":{"line":10,"column":3}}},"2":{"name":"(anonymous_2)","decl":{"start":{"line":12,"column":26},"end":{"line":12,"column":27}},"loc":{"start":{"line":12,"column":60},"end":{"line":14,"column":3}}}},"branchMap":{"0":{"loc":{"start":{"line":9,"column":38},"end":{"line":9,"column":54}},"type":"binary-expr","locations":[{"start":{"line":9,"column":38},"end":{"line":9,"column":43}},{"start":{"line":9,"column":47},"end":{"line":9,"column":54}}]},"1":{"loc":{"start":{"line":16,"column":2},"end":{"line":47,"column":3}},"type":"if","locations":[{"start":{"line":16,"column":2},"end":{"line":47,"column":3}},{"start":{"line":34,"column":9},"end":{"line":47,"column":3}}]},"2":{"loc":{"start":{"line":16,"column":6},"end":{"line":16,"column":61}},"type":"binary-expr","locations":[{"start":{"line":16,"column":6},"end":{"line":16,"column":35}},{"start":{"line":16,"column":39},"end":{"line":16,"column":61}}]}},"s":{"0":1,"1":1,"2":1,"3":1,"4":1,"5":1,"6":21,"7":1,"8":21,"9":1,"10":1,"11":0,"12":1},"f":{"0":1,"1":21,"2":21},"b":{"0":[21,21],"1":[1,0],"2":[1,1]}}
,"/Users/elvis/Documents/workspace/web/trustcrow/src/utils/response.ts": {"path":"/Users/elvis/Documents/workspace/web/trustcrow/src/utils/response.ts","statementMap":{"0":{"start":{"line":3,"column":23},"end":{"line":10,"column":1}},"1":{"start":{"line":4,"column":4},"end":{"line":9,"column":7}},"2":{"start":{"line":3,"column":13},"end":{"line":3,"column":23}},"3":{"start":{"line":12,"column":21},"end":{"line":18,"column":1}},"4":{"start":{"line":13,"column":2},"end":{"line":17,"column":5}},"5":{"start":{"line":12,"column":13},"end":{"line":12,"column":21}}},"fnMap":{"0":{"name":"(anonymous_0)","decl":{"start":{"line":3,"column":23},"end":{"line":3,"column":24}},"loc":{"start":{"line":3,"column":87},"end":{"line":10,"column":1}}},"1":{"name":"(anonymous_1)","decl":{"start":{"line":12,"column":21},"end":{"line":12,"column":22}},"loc":{"start":{"line":12,"column":78},"end":{"line":18,"column":1}}}},"branchMap":{"0":{"loc":{"start":{"line":3,"column":38},"end":{"line":3,"column":55}},"type":"default-arg","locations":[{"start":{"line":3,"column":53},"end":{"line":3,"column":55}}]},"1":{"loc":{"start":{"line":3,"column":70},"end":{"line":3,"column":83}},"type":"default-arg","locations":[{"start":{"line":3,"column":81},"end":{"line":3,"column":83}}]},"2":{"loc":{"start":{"line":12,"column":36},"end":{"line":12,"column":55}},"type":"default-arg","locations":[{"start":{"line":12,"column":53},"end":{"line":12,"column":55}}]},"3":{"loc":{"start":{"line":12,"column":57},"end":{"line":12,"column":74}},"type":"default-arg","locations":[{"start":{"line":12,"column":71},"end":{"line":12,"column":74}}]}},"s":{"0":1,"1":6,"2":1,"3":1,"4":5,"5":1},"f":{"0":6,"1":5},"b":{"0":[0],"1":[1],"2":[0],"3":[0]}}
,"/Users/elvis/Documents/workspace/web/trustcrow/src/utils/validator.ts": {"path":"/Users/elvis/Documents/workspace/web/trustcrow/src/utils/validator.ts","statementMap":{"0":{"start":{"line":3,"column":0},"end":{"line":3,"column":30}},"1":{"start":{"line":4,"column":0},"end":{"line":4,"column":39}},"2":{"start":{"line":6,"column":28},"end":{"line":17,"column":1}},"3":{"start":{"line":7,"column":2},"end":{"line":16,"column":4}},"4":{"start":{"line":7,"column":67},"end":{"line":16,"column":4}},"5":{"start":{"line":8,"column":4},"end":{"line":15,"column":5}},"6":{"start":{"line":9,"column":19},"end":{"line":9,"column":27}},"7":{"start":{"line":10,"column":6},"end":{"line":10,"column":39}},"8":{"start":{"line":11,"column":6},"end":{"line":11,"column":13}},"9":{"start":{"line":13,"column":6},"end":{"line":13,"column":47}},"10":{"start":{"line":14,"column":6},"end":{"line":14,"column":57}},"11":{"start":{"line":6,"column":13},"end":{"line":6,"column":28}},"12":{"start":{"line":19,"column":34},"end":{"line":30,"column":1}},"13":{"start":{"line":20,"column":2},"end":{"line":29,"column":4}},"14":{"start":{"line":20,"column":67},"end":{"line":29,"column":4}},"15":{"start":{"line":21,"column":4},"end":{"line":28,"column":5}},"16":{"start":{"line":22,"column":20},"end":{"line":22,"column":29}},"17":{"start":{"line":23,"column":6},"end":{"line":23,"column":40}},"18":{"start":{"line":24,"column":6},"end":{"line":24,"column":13}},"19":{"start":{"line":26,"column":6},"end":{"line":26,"column":53}},"20":{"start":{"line":27,"column":6},"end":{"line":27,"column":57}},"21":{"start":{"line":19,"column":13},"end":{"line":19,"column":34}},"22":{"start":{"line":32,"column":34},"end":{"line":43,"column":1}},"23":{"start":{"line":33,"column":2},"end":{"line":42,"column":4}},"24":{"start":{"line":33,"column":67},"end":{"line":42,"column":4}},"25":{"start":{"line":34,"column":4},"end":{"line":41,"column":5}},"26":{"start":{"line":35,"column":21},"end":{"line":35,"column":31}},"27":{"start":{"line":36,"column":6},"end":{"line":36,"column":41}},"28":{"start":{"line":37,"column":6},"end":{"line":37,"column":13}},"29":{"start":{"line":39,"column":6},"end":{"line":39,"column":53}},"30":{"start":{"line":40,"column":6},"end":{"line":40,"column":57}},"31":{"start":{"line":32,"column":13},"end":{"line":32,"column":34}}},"fnMap":{"0":{"name":"(anonymous_14)","decl":{"start":{"line":6,"column":28},"end":{"line":6,"column":29}},"loc":{"start":{"line":6,"column":47},"end":{"line":17,"column":1}}},"1":{"name":"(anonymous_15)","decl":{"start":{"line":7,"column":9},"end":{"line":7,"column":16}},"loc":{"start":{"line":7,"column":67},"end":{"line":16,"column":4}}},"2":{"name":"(anonymous_16)","decl":{"start":{"line":7,"column":67},"end":{"line":7,"column":null}},"loc":{"start":{"line":7,"column":67},"end":{"line":16,"column":3}}},"3":{"name":"(anonymous_17)","decl":{"start":{"line":19,"column":34},"end":{"line":19,"column":35}},"loc":{"start":{"line":19,"column":53},"end":{"line":30,"column":1}}},"4":{"name":"(anonymous_18)","decl":{"start":{"line":20,"column":9},"end":{"line":20,"column":16}},"loc":{"start":{"line":20,"column":67},"end":{"line":29,"column":4}}},"5":{"name":"(anonymous_19)","decl":{"start":{"line":20,"column":67},"end":{"line":20,"column":null}},"loc":{"start":{"line":20,"column":67},"end":{"line":29,"column":3}}},"6":{"name":"(anonymous_20)","decl":{"start":{"line":32,"column":34},"end":{"line":32,"column":35}},"loc":{"start":{"line":32,"column":53},"end":{"line":43,"column":1}}},"7":{"name":"(anonymous_21)","decl":{"start":{"line":33,"column":9},"end":{"line":33,"column":16}},"loc":{"start":{"line":33,"column":67},"end":{"line":42,"column":4}}},"8":{"name":"(anonymous_22)","decl":{"start":{"line":33,"column":67},"end":{"line":33,"column":null}},"loc":{"start":{"line":33,"column":67},"end":{"line":42,"column":3}}}},"branchMap":{},"s":{"0":1,"1":1,"2":1,"3":2,"4":7,"5":7,"6":7,"7":7,"8":6,"9":1,"10":1,"11":1,"12":1,"13":2,"14":4,"15":4,"16":4,"17":4,"18":4,"19":0,"20":0,"21":1,"22":1,"23":0,"24":0,"25":0,"26":0,"27":0,"28":0,"29":0,"30":0,"31":1},"f":{"0":2,"1":7,"2":7,"3":2,"4":4,"5":4,"6":0,"7":0,"8":0},"b":{}}
,"/Users/elvis/Documents/workspace/web/trustcrow/src/utils/globals/helpers.ts": {"path":"/Users/elvis/Documents/workspace/web/trustcrow/src/utils/globals/helpers.ts","statementMap":{"0":{"start":{"line":2,"column":23},"end":{"line":4,"column":1}},"1":{"start":{"line":3,"column":4},"end":{"line":3,"column":null}},"2":{"start":{"line":2,"column":13},"end":{"line":2,"column":23}}},"fnMap":{"0":{"name":"(anonymous_0)","decl":{"start":{"line":2,"column":23},"end":{"line":2,"column":24}},"loc":{"start":{"line":2,"column":40},"end":{"line":4,"column":1}}}},"branchMap":{},"s":{"0":1,"1":8,"2":1},"f":{"0":8},"b":{}}
,"/Users/elvis/Documents/workspace/web/trustcrow/src/utils/globals/enums/environments.enum.ts": {"path":"/Users/elvis/Documents/workspace/web/trustcrow/src/utils/globals/enums/environments.enum.ts","statementMap":{"0":{"start":{"line":1,"column":13},"end":{"line":1,"column":27}},"1":{"start":{"line":2,"column":13},"end":{"line":2,"column":41}},"2":{"start":{"line":3,"column":13},"end":{"line":3,"column":39}}},"fnMap":{},"branchMap":{},"s":{"0":1,"1":1,"2":1},"f":{},"b":{}}
,"/Users/elvis/Documents/workspace/web/trustcrow/src/utils/globals/middleware/error.middleware.ts": {"path":"/Users/elvis/Documents/workspace/web/trustcrow/src/utils/globals/middleware/error.middleware.ts","statementMap":{"0":{"start":{"line":2,"column":0},"end":{"line":2,"column":34}},"1":{"start":{"line":4,"column":52},"end":{"line":16,"column":1}},"2":{"start":{"line":5,"column":17},"end":{"line":5,"column":34}},"3":{"start":{"line":6,"column":2},"end":{"line":6,"column":20}},"4":{"start":{"line":8,"column":4},"end":{"line":9,"column":65}},"5":{"start":{"line":10,"column":2},"end":{"line":10,"column":49}},"6":{"start":{"line":11,"column":2},"end":{"line":15,"column":5}},"7":{"start":{"line":4,"column":13},"end":{"line":4,"column":52}}},"fnMap":{"0":{"name":"(anonymous_1)","decl":{"start":{"line":4,"column":52},"end":{"line":4,"column":53}},"loc":{"start":{"line":4,"column":76},"end":{"line":16,"column":1}}}},"branchMap":{"0":{"loc":{"start":{"line":5,"column":17},"end":{"line":5,"column":34}},"type":"binary-expr","locations":[{"start":{"line":5,"column":17},"end":{"line":5,"column":27}},{"start":{"line":5,"column":31},"end":{"line":5,"column":34}}]},"1":{"loc":{"start":{"line":8,"column":4},"end":{"line":9,"column":65}},"type":"binary-expr","locations":[{"start":{"line":8,"column":4},"end":{"line":8,"column":15}},{"start":{"line":9,"column":4},"end":{"line":9,"column":65}}]}},"s":{"0":1,"1":1,"2":0,"3":0,"4":0,"5":0,"6":0,"7":1},"f":{"0":0},"b":{"0":[0,0],"1":[0,0]}}
}
