TN:
SF:src/app.ts
FN:19,(anonymous_1)
FNF:1
FNH:0
FNDA:0,(anonymous_1)
DA:1,1
DA:2,1
DA:3,1
DA:4,1
DA:5,1
DA:6,1
DA:8,1
DA:10,1
DA:11,1
DA:12,1
DA:14,1
DA:15,1
DA:16,1
DA:17,1
DA:19,1
DA:20,0
DA:23,1
LF:17
LH:16
BRF:0
BRH:0
end_of_record
TN:
SF:src/routes.ts
FNF:0
FNH:0
DA:1,1
DA:4,1
LF:2
LH:2
BRF:0
BRH:0
end_of_record
TN:
SF:src/config/index.ts
FNF:0
FNH:0
DA:1,1
DA:4,1
DA:6,1
DA:8,1
LF:4
LH:4
BRF:0
BRH:0
end_of_record
TN:
SF:src/config/setup.ts
FNF:0
FNH:0
DA:1,1
DA:2,1
DA:5,1
DA:10,1
LF:4
LH:4
BRF:0
BRH:0
end_of_record
TN:
SF:src/config/config.environments/development.config.ts
FNF:0
FNH:0
DA:1,1
DA:2,1
DA:3,1
DA:4,1
DA:5,1
DA:6,1
DA:7,1
LF:7
LH:7
BRF:0
BRH:0
end_of_record
TN:
SF:src/config/config.environments/test.config.ts
FNF:0
FNH:0
DA:1,1
DA:2,1
DA:3,1
DA:4,1
DA:5,1
DA:6,1
DA:7,1
LF:7
LH:7
BRF:0
BRH:0
end_of_record
TN:
SF:src/config/db/index.ts
FN:15,(anonymous_7)
FN:16,(anonymous_8)
FN:27,(anonymous_9)
FN:38,(anonymous_10)
FN:40,(anonymous_11)
FNF:5
FNH:4
FNDA:1,(anonymous_7)
FNDA:5,(anonymous_8)
FNDA:1,(anonymous_9)
FNDA:1,(anonymous_10)
FNDA:0,(anonymous_11)
DA:1,1
DA:2,1
DA:3,1
DA:4,1
DA:6,1
DA:16,5
DA:17,0
DA:19,1
DA:20,1
DA:21,1
DA:22,1
DA:23,1
DA:24,1
DA:28,1
DA:29,1
DA:36,1
DA:38,1
DA:39,1
DA:40,0
DA:41,1
DA:45,1
DA:46,1
DA:47,1
LF:23
LH:21
BRDA:16,0,0,0
BRDA:40,1,0,0
BRDA:40,1,1,0
BRF:3
BRH:0
end_of_record
TN:
SF:src/modules/categories/controller.categories.ts
FN:6,(anonymous_13)
FN:6,(anonymous_14)
FN:12,(anonymous_15)
FN:12,(anonymous_16)
FN:18,(anonymous_17)
FN:18,(anonymous_18)
FN:24,(anonymous_19)
FN:24,(anonymous_20)
FNF:8
FNH:8
FNDA:3,(anonymous_13)
FNDA:3,(anonymous_14)
FNDA:1,(anonymous_15)
FNDA:1,(anonymous_16)
FNDA:1,(anonymous_17)
FNDA:1,(anonymous_18)
FNDA:1,(anonymous_19)
FNDA:1,(anonymous_20)
DA:3,1
DA:4,1
DA:6,3
DA:7,3
DA:8,3
DA:9,3
DA:12,1
DA:13,1
DA:14,1
DA:15,1
DA:18,1
DA:19,1
DA:20,1
DA:21,1
DA:24,1
DA:25,1
DA:26,1
DA:27,1
LF:18
LH:18
BRF:0
BRH:0
end_of_record
TN:
SF:src/modules/categories/middleware.categories.ts
FN:7,(anonymous_14)
FN:7,(anonymous_15)
FN:21,(anonymous_16)
FN:21,(anonymous_17)
FN:36,(anonymous_18)
FN:36,(anonymous_19)
FNF:6
FNH:6
FNDA:5,(anonymous_14)
FNDA:5,(anonymous_15)
FNDA:5,(anonymous_16)
FNDA:5,(anonymous_17)
FNDA:6,(anonymous_18)
FNDA:6,(anonymous_19)
DA:2,1
DA:3,1
DA:4,1
DA:5,1
DA:7,5
DA:8,5
DA:9,5
DA:10,5
DA:11,5
DA:12,5
DA:13,4
DA:15,0
DA:16,0
DA:17,0
DA:21,5
DA:22,5
DA:23,5
DA:24,5
DA:25,5
DA:26,3
DA:27,3
DA:29,4
DA:31,0
DA:32,0
DA:36,6
DA:37,6
DA:38,6
DA:39,6
DA:40,6
DA:41,5
DA:42,5
DA:43,3
DA:44,3
DA:46,1
DA:47,1
LF:35
LH:30
BRDA:12,0,0,1
BRDA:25,1,0,3
BRDA:27,2,0,1
BRDA:38,3,0,6
BRDA:38,3,1,2
BRDA:42,4,0,2
BRF:6
BRH:6
end_of_record
TN:
SF:src/modules/categories/queries.categories.ts
FNF:0
FNH:0
DA:2,1
DA:4,1
DA:6,1
DA:8,1
DA:10,1
DA:12,1
LF:6
LH:6
BRF:0
BRH:0
end_of_record
TN:
SF:src/modules/categories/router.categories.ts
FNF:0
FNH:0
DA:1,1
DA:2,1
DA:3,1
DA:4,1
DA:5,1
DA:7,1
DA:8,1
DA:10,1
DA:18,1
DA:23,1
DA:29,1
LF:11
LH:11
BRF:0
BRH:0
end_of_record
TN:
SF:src/modules/categories/service.categories.ts
FN:5,(anonymous_14)
FN:5,(anonymous_15)
FN:10,(anonymous_16)
FN:10,(anonymous_17)
FN:14,(anonymous_18)
FN:14,(anonymous_19)
FN:18,(anonymous_20)
FN:18,(anonymous_21)
FN:22,(anonymous_22)
FN:22,(anonymous_23)
FN:26,(anonymous_24)
FN:26,(anonymous_25)
FNF:12
FNH:12
FNDA:3,(anonymous_14)
FNDA:3,(anonymous_15)
FNDA:5,(anonymous_16)
FNDA:5,(anonymous_17)
FNDA:9,(anonymous_18)
FNDA:9,(anonymous_19)
FNDA:1,(anonymous_20)
FNDA:1,(anonymous_21)
FNDA:1,(anonymous_22)
FNDA:1,(anonymous_23)
FNDA:1,(anonymous_24)
FNDA:1,(anonymous_25)
DA:1,1
DA:2,1
DA:3,1
DA:5,3
DA:6,3
DA:7,3
DA:10,5
DA:11,5
DA:14,9
DA:15,9
DA:18,1
DA:19,1
DA:22,1
DA:23,1
DA:26,1
DA:27,1
LF:16
LH:16
BRF:0
BRH:0
end_of_record
TN:
SF:src/modules/categories/validation.categories.ts
FNF:0
FNH:0
DA:1,1
DA:3,1
DA:8,1
DA:14,1
LF:4
LH:4
BRF:0
BRH:0
end_of_record
TN:
SF:src/utils/logger.ts
FN:7,(anonymous_0)
FN:8,(anonymous_1)
FN:12,(anonymous_2)
FNF:3
FNH:3
FNDA:1,(anonymous_0)
FNDA:22,(anonymous_1)
FNDA:22,(anonymous_2)
DA:1,1
DA:2,1
DA:4,1
DA:6,1
DA:7,1
DA:8,1
DA:9,22
DA:12,1
DA:13,22
DA:16,1
DA:17,1
DA:35,0
DA:50,1
LF:13
LH:12
BRDA:9,0,0,22
BRDA:9,0,1,22
BRDA:16,1,0,1
BRDA:16,1,1,0
BRDA:16,2,0,1
BRDA:16,2,1,1
BRF:6
BRH:5
end_of_record
TN:
SF:src/utils/response.ts
FN:3,(anonymous_0)
FN:12,(anonymous_1)
FNF:2
FNH:2
FNDA:6,(anonymous_0)
FNDA:5,(anonymous_1)
DA:3,1
DA:4,6
DA:12,1
DA:13,5
LF:4
LH:4
BRDA:3,0,0,0
BRDA:3,1,0,1
BRDA:12,2,0,0
BRDA:12,3,0,0
BRF:4
BRH:1
end_of_record
TN:
SF:src/utils/validator.ts
FN:6,(anonymous_14)
FN:7,(anonymous_15)
FN:7,(anonymous_16)
FN:19,(anonymous_17)
FN:20,(anonymous_18)
FN:20,(anonymous_19)
FN:32,(anonymous_20)
FN:33,(anonymous_21)
FN:33,(anonymous_22)
FNF:9
FNH:3
FNDA:1,(anonymous_14)
FNDA:5,(anonymous_15)
FNDA:5,(anonymous_16)
FNDA:0,(anonymous_17)
FNDA:0,(anonymous_18)
FNDA:0,(anonymous_19)
FNDA:0,(anonymous_20)
FNDA:0,(anonymous_21)
FNDA:0,(anonymous_22)
DA:3,1
DA:4,1
DA:6,1
DA:7,5
DA:8,5
DA:9,5
DA:10,5
DA:11,5
DA:13,0
DA:14,0
DA:19,1
DA:20,0
DA:21,0
DA:22,0
DA:23,0
DA:24,0
DA:26,0
DA:27,0
DA:32,1
DA:33,0
DA:34,0
DA:35,0
DA:36,0
DA:37,0
DA:39,0
DA:40,0
LF:26
LH:10
BRF:0
BRH:0
end_of_record
TN:
SF:src/utils/globals/helpers.ts
FN:2,(anonymous_0)
FNF:1
FNH:1
FNDA:8,(anonymous_0)
DA:2,1
DA:3,8
LF:2
LH:2
BRF:0
BRH:0
end_of_record
TN:
SF:src/utils/globals/enums/environments.enum.ts
FNF:0
FNH:0
DA:1,1
DA:2,1
DA:3,1
LF:3
LH:3
BRF:0
BRH:0
end_of_record
TN:
SF:src/utils/globals/middleware/error.middleware.ts
FN:4,(anonymous_1)
FNF:1
FNH:0
FNDA:0,(anonymous_1)
DA:2,1
DA:4,1
DA:5,0
DA:6,0
DA:8,0
DA:10,0
DA:11,0
LF:7
LH:2
BRDA:5,0,0,0
BRDA:5,0,1,0
BRDA:8,1,0,0
BRDA:8,1,1,0
BRF:4
BRH:0
end_of_record
